21-06-2015 15:16:46 DEBUG PropertiesConfiguration:588 - FileName set to /C:/Users/Deon/Documents/NetBeansProjects/CoCSongReader/target/classes/application.properties
21-06-2015 15:16:46 DEBUG ConfigurationUtils:449 - ConfigurationUtils.locate(): base is null, name is /C:/Users/Deon/Documents/NetBeansProjects/CoCSongReader/target/classes/application.properties
21-06-2015 15:16:46 DEBUG DefaultFileSystem:281 - Could not locate file /C:/Users/Deon/Documents/NetBeansProjects/CoCSongReader/target/classes/application.properties at null: no protocol: /C:/Users/Deon/Documents/NetBeansProjects/CoCSongReader/target/classes/application.properties
21-06-2015 15:16:46 DEBUG ConfigurationUtils:471 - Loading configuration from the absolute path /C:/Users/Deon/Documents/NetBeansProjects/CoCSongReader/target/classes/application.properties
21-06-2015 15:16:46 DEBUG PropertiesConfiguration:626 - Base path set to file:///C:/Users/Deon/Documents/NetBeansProjects/CoCSongReader/target/classes/application.properties
21-06-2015 15:18:15 DEBUG PropertiesConfiguration:626 - Base path set to file:///C:/Users/Deon/Documents/NetBeansProjects/CoCSongReader/target/classes/
21-06-2015 15:18:15 DEBUG PropertiesConfiguration:588 - FileName set to application.properties
21-06-2015 15:18:15 DEBUG PropertiesConfiguration:726 - URL set to file:/C:/Users/Deon/Documents/NetBeansProjects/CoCSongReader/target/classes/application.properties
21-06-2015 15:34:56 DEBUG PropertiesConfiguration:626 - Base path set to file:///C:/Users/Deon/Documents/NetBeansProjects/CoCSongReader/target/classes/
21-06-2015 15:34:56 DEBUG PropertiesConfiguration:588 - FileName set to application.properties
21-06-2015 15:34:56 DEBUG PropertiesConfiguration:726 - URL set to file:/C:/Users/Deon/Documents/NetBeansProjects/CoCSongReader/target/classes/application.properties
21-06-2015 21:13:13 INFO  CocSongReaderApp:38 - Heelo Deon
21-06-2015 21:13:16 DEBUG PropertiesConfiguration:626 - Base path set to file:///C:/Users/Deon/Documents/NetBeansProjects/CoCSongReader/target/classes/
21-06-2015 21:13:16 DEBUG PropertiesConfiguration:588 - FileName set to application.properties
21-06-2015 21:13:16 DEBUG PropertiesConfiguration:726 - URL set to file:/C:/Users/Deon/Documents/NetBeansProjects/CoCSongReader/target/classes/application.properties
21-06-2015 21:14:13 INFO  CocSongReaderApp:38 - Heelo Deon
21-06-2015 21:14:16 DEBUG PropertiesConfiguration:626 - Base path set to file:///C:/Users/Deon/Documents/NetBeansProjects/CoCSongReader/target/classes/
21-06-2015 21:14:16 DEBUG PropertiesConfiguration:588 - FileName set to application.properties
21-06-2015 21:14:16 DEBUG PropertiesConfiguration:726 - URL set to file:/C:/Users/Deon/Documents/NetBeansProjects/CoCSongReader/target/classes/application.properties
21-06-2015 21:19:52 INFO  CocSongReaderApp:38 - Heelo Deon
21-06-2015 21:20:14 INFO  CocSongReaderApp:38 - Heelo Deon
21-06-2015 21:20:58 INFO  CocSongReaderApp:38 - Heelo Deon
21-06-2015 21:21:00 DEBUG PropertiesConfiguration:626 - Base path set to file:///C:/Users/Deon/Documents/NetBeansProjects/CoCSongReader/target/classes/
21-06-2015 21:21:00 DEBUG PropertiesConfiguration:588 - FileName set to application.properties
21-06-2015 21:21:00 DEBUG PropertiesConfiguration:726 - URL set to file:/C:/Users/Deon/Documents/NetBeansProjects/CoCSongReader/target/classes/application.properties
21-06-2015 21:23:48 INFO  CocSongReaderApp:39 - Heelo Deon
21-06-2015 21:23:53 DEBUG PropertiesConfiguration:626 - Base path set to file:///C:/Users/Deon/Documents/NetBeansProjects/CoCSongReader/target/classes/
21-06-2015 21:23:53 DEBUG PropertiesConfiguration:588 - FileName set to application.properties
21-06-2015 21:23:53 DEBUG PropertiesConfiguration:726 - URL set to file:/C:/Users/Deon/Documents/NetBeansProjects/CoCSongReader/target/classes/application.properties
21-06-2015 21:24:37 DEBUG PropertiesConfiguration:626 - Base path set to file:///C:/Users/Deon/Documents/NetBeansProjects/CoCSongReader/target/classes/
21-06-2015 21:24:37 DEBUG PropertiesConfiguration:588 - FileName set to application.properties
21-06-2015 21:24:37 DEBUG PropertiesConfiguration:726 - URL set to file:/C:/Users/Deon/Documents/NetBeansProjects/CoCSongReader/target/classes/application.properties
21-06-2015 21:25:09 INFO  CocSongReaderApp:39 - Heelo Deon
21-06-2015 21:25:12 DEBUG PropertiesConfiguration:626 - Base path set to file:///C:/Users/Deon/Documents/NetBeansProjects/CoCSongReader/target/classes/
21-06-2015 21:25:12 DEBUG PropertiesConfiguration:588 - FileName set to application.properties
21-06-2015 21:25:12 DEBUG PropertiesConfiguration:726 - URL set to file:/C:/Users/Deon/Documents/NetBeansProjects/CoCSongReader/target/classes/application.properties
22-06-2015 18:29:18 INFO  CocSongReaderApp:39 - Heelo Deon
22-06-2015 18:29:21 DEBUG PropertiesConfiguration:626 - Base path set to file:///C:/Users/Deon/Documents/NetBeansProjects/CoCSongReader/target/classes/
22-06-2015 18:29:21 DEBUG PropertiesConfiguration:588 - FileName set to application.properties
22-06-2015 18:29:21 DEBUG PropertiesConfiguration:726 - URL set to file:/C:/Users/Deon/Documents/NetBeansProjects/CoCSongReader/target/classes/application.properties
22-06-2015 18:30:07 INFO  CocSongReaderApp:40 - Heelo Deon
22-06-2015 18:30:09 DEBUG PropertiesConfiguration:626 - Base path set to file:///C:/Users/Deon/Documents/NetBeansProjects/CoCSongReader/target/classes/
22-06-2015 18:30:09 DEBUG PropertiesConfiguration:588 - FileName set to application.properties
22-06-2015 18:30:09 DEBUG PropertiesConfiguration:726 - URL set to file:/C:/Users/Deon/Documents/NetBeansProjects/CoCSongReader/target/classes/application.properties
22-06-2015 18:37:51 DEBUG PropertiesConfiguration:626 - Base path set to file:///C:/Users/Deon/Documents/NetBeansProjects/CoCSongReader/target/classes/
22-06-2015 18:37:51 DEBUG PropertiesConfiguration:588 - FileName set to application.properties
22-06-2015 18:37:51 DEBUG PropertiesConfiguration:726 - URL set to file:/C:/Users/Deon/Documents/NetBeansProjects/CoCSongReader/target/classes/application.properties
22-06-2015 18:40:50 DEBUG PropertiesConfiguration:626 - Base path set to file:///C:/Users/Deon/Documents/NetBeansProjects/CoCSongReader/target/classes/
22-06-2015 18:40:50 DEBUG PropertiesConfiguration:588 - FileName set to application.properties
22-06-2015 18:40:50 DEBUG PropertiesConfiguration:726 - URL set to file:/C:/Users/Deon/Documents/NetBeansProjects/CoCSongReader/target/classes/application.properties
22-06-2015 18:43:13 DEBUG PropertiesConfiguration:626 - Base path set to file:///C:/Users/Deon/Documents/NetBeansProjects/CoCSongReader/target/classes/
22-06-2015 18:43:13 DEBUG PropertiesConfiguration:588 - FileName set to application.properties
22-06-2015 18:43:13 DEBUG PropertiesConfiguration:726 - URL set to file:/C:/Users/Deon/Documents/NetBeansProjects/CoCSongReader/target/classes/application.properties
22-06-2015 18:45:18 DEBUG PropertiesConfiguration:626 - Base path set to file:///C:/Users/Deon/Documents/NetBeansProjects/CoCSongReader/target/classes/
22-06-2015 18:45:18 DEBUG PropertiesConfiguration:588 - FileName set to application.properties
22-06-2015 18:45:18 DEBUG PropertiesConfiguration:726 - URL set to file:/C:/Users/Deon/Documents/NetBeansProjects/CoCSongReader/target/classes/application.properties
22-06-2015 18:46:00 DEBUG PropertiesConfiguration:626 - Base path set to file:///C:/Users/Deon/Documents/NetBeansProjects/CoCSongReader/target/classes/
22-06-2015 18:46:00 DEBUG PropertiesConfiguration:588 - FileName set to application.properties
22-06-2015 18:46:00 DEBUG PropertiesConfiguration:726 - URL set to file:/C:/Users/Deon/Documents/NetBeansProjects/CoCSongReader/target/classes/application.properties
22-06-2015 18:46:40 DEBUG PropertiesConfiguration:626 - Base path set to file:///C:/Users/Deon/Documents/NetBeansProjects/CoCSongReader/target/classes/
22-06-2015 18:46:40 DEBUG PropertiesConfiguration:588 - FileName set to application.properties
22-06-2015 18:46:40 DEBUG PropertiesConfiguration:726 - URL set to file:/C:/Users/Deon/Documents/NetBeansProjects/CoCSongReader/target/classes/application.properties
22-06-2015 18:47:29 DEBUG PropertiesConfiguration:626 - Base path set to file:///C:/Users/Deon/Documents/NetBeansProjects/CoCSongReader/target/classes/
22-06-2015 18:47:29 DEBUG PropertiesConfiguration:588 - FileName set to application.properties
22-06-2015 18:47:29 DEBUG PropertiesConfiguration:726 - URL set to file:/C:/Users/Deon/Documents/NetBeansProjects/CoCSongReader/target/classes/application.properties
22-06-2015 18:48:30 DEBUG PropertiesConfiguration:626 - Base path set to file:///C:/Users/Deon/Documents/NetBeansProjects/CoCSongReader/target/classes/
22-06-2015 18:48:30 DEBUG PropertiesConfiguration:588 - FileName set to application.properties
22-06-2015 18:48:30 DEBUG PropertiesConfiguration:726 - URL set to file:/C:/Users/Deon/Documents/NetBeansProjects/CoCSongReader/target/classes/application.properties
22-06-2015 18:49:05 DEBUG PropertiesConfiguration:626 - Base path set to file:///C:/Users/Deon/Documents/NetBeansProjects/CoCSongReader/target/classes/
22-06-2015 18:49:05 DEBUG PropertiesConfiguration:588 - FileName set to application.properties
22-06-2015 18:49:05 DEBUG PropertiesConfiguration:726 - URL set to file:/C:/Users/Deon/Documents/NetBeansProjects/CoCSongReader/target/classes/application.properties
22-06-2015 18:53:21 DEBUG PropertiesConfiguration:626 - Base path set to file:///C:/Users/Deon/Documents/NetBeansProjects/CoCSongReader/target/classes/
22-06-2015 18:53:21 DEBUG PropertiesConfiguration:588 - FileName set to application.properties
22-06-2015 18:53:21 DEBUG PropertiesConfiguration:726 - URL set to file:/C:/Users/Deon/Documents/NetBeansProjects/CoCSongReader/target/classes/application.properties
22-06-2015 18:54:52 DEBUG PropertiesConfiguration:626 - Base path set to file:///C:/Users/Deon/Documents/NetBeansProjects/CoCSongReader/target/classes/
22-06-2015 18:54:52 DEBUG PropertiesConfiguration:588 - FileName set to application.properties
22-06-2015 18:54:52 DEBUG PropertiesConfiguration:726 - URL set to file:/C:/Users/Deon/Documents/NetBeansProjects/CoCSongReader/target/classes/application.properties
22-06-2015 19:02:03 DEBUG PropertiesConfiguration:626 - Base path set to file:///C:/Users/Deon/Documents/NetBeansProjects/CoCSongReader/target/classes/
22-06-2015 19:02:03 DEBUG PropertiesConfiguration:588 - FileName set to application.properties
22-06-2015 19:02:03 DEBUG PropertiesConfiguration:726 - URL set to file:/C:/Users/Deon/Documents/NetBeansProjects/CoCSongReader/target/classes/application.properties
22-06-2015 19:02:44 DEBUG PropertiesConfiguration:626 - Base path set to file:///C:/Users/Deon/Documents/NetBeansProjects/CoCSongReader/target/classes/
22-06-2015 19:02:44 DEBUG PropertiesConfiguration:588 - FileName set to application.properties
22-06-2015 19:02:44 DEBUG PropertiesConfiguration:726 - URL set to file:/C:/Users/Deon/Documents/NetBeansProjects/CoCSongReader/target/classes/application.properties
22-06-2015 19:03:10 DEBUG PropertiesConfiguration:626 - Base path set to file:///C:/Users/Deon/Documents/NetBeansProjects/CoCSongReader/target/classes/
22-06-2015 19:03:10 DEBUG PropertiesConfiguration:588 - FileName set to application.properties
22-06-2015 19:03:10 DEBUG PropertiesConfiguration:726 - URL set to file:/C:/Users/Deon/Documents/NetBeansProjects/CoCSongReader/target/classes/application.properties
22-06-2015 19:03:17 DEBUG PropertiesConfiguration:626 - Base path set to file:///C:/Users/Deon/Documents/NetBeansProjects/CoCSongReader/target/classes/
22-06-2015 19:03:17 DEBUG PropertiesConfiguration:588 - FileName set to application.properties
22-06-2015 19:03:17 DEBUG PropertiesConfiguration:726 - URL set to file:/C:/Users/Deon/Documents/NetBeansProjects/CoCSongReader/target/classes/application.properties
22-06-2015 19:03:20 DEBUG PropertiesConfiguration:626 - Base path set to file:///C:/Users/Deon/Documents/NetBeansProjects/CoCSongReader/target/classes/
22-06-2015 19:03:20 DEBUG PropertiesConfiguration:588 - FileName set to application.properties
22-06-2015 19:03:20 DEBUG PropertiesConfiguration:726 - URL set to file:/C:/Users/Deon/Documents/NetBeansProjects/CoCSongReader/target/classes/application.properties
22-06-2015 19:03:28 DEBUG PropertiesConfiguration:626 - Base path set to file:///C:/Users/Deon/Documents/NetBeansProjects/CoCSongReader/target/classes/
22-06-2015 19:03:28 DEBUG PropertiesConfiguration:588 - FileName set to application.properties
22-06-2015 19:03:28 DEBUG PropertiesConfiguration:726 - URL set to file:/C:/Users/Deon/Documents/NetBeansProjects/CoCSongReader/target/classes/application.properties
22-06-2015 19:05:12 DEBUG PropertiesConfiguration:626 - Base path set to file:///C:/Users/Deon/Documents/NetBeansProjects/CoCSongReader/target/classes/
22-06-2015 19:05:12 DEBUG PropertiesConfiguration:588 - FileName set to application.properties
22-06-2015 19:05:12 DEBUG PropertiesConfiguration:726 - URL set to file:/C:/Users/Deon/Documents/NetBeansProjects/CoCSongReader/target/classes/application.properties
22-06-2015 19:06:04 DEBUG PropertiesConfiguration:626 - Base path set to file:///C:/Users/Deon/Documents/NetBeansProjects/CoCSongReader/target/classes/
22-06-2015 19:06:04 DEBUG PropertiesConfiguration:588 - FileName set to application.properties
22-06-2015 19:06:04 DEBUG PropertiesConfiguration:726 - URL set to file:/C:/Users/Deon/Documents/NetBeansProjects/CoCSongReader/target/classes/application.properties
22-06-2015 19:51:02 DEBUG PropertiesConfiguration:626 - Base path set to file:///C:/Users/Deon/Documents/NetBeansProjects/CoCSongReader/target/classes/
22-06-2015 19:51:02 DEBUG PropertiesConfiguration:588 - FileName set to application.properties
22-06-2015 19:51:02 DEBUG PropertiesConfiguration:726 - URL set to file:/C:/Users/Deon/Documents/NetBeansProjects/CoCSongReader/target/classes/application.properties
